<2018-03-07 21:54:03.552><2018-03-07 21:54:03.554><2018-03-07 21:54:03.666><2018-03-07 21:54:08.633><2018-03-07 21:54:10.019><2018-03-07 21:54:10.045><2018-03-07 21:54:10.045><2018-03-07 21:54:10.047><2018-03-07 21:54:10.049><2018-03-07 21:54:10.049><2018-03-07 21:54:10.049><2018-03-07 21:54:10.052><2018-03-07 21:54:11.228><2018-03-07 21:54:11.236><2018-03-07 21:54:11.237><2018-03-07 21:54:11.238><2018-03-07 21:54:11.241><2018-03-07 21:54:11.246><2018-03-07 21:54:11.252><2018-03-07 21:54:11.255><2018-03-07 21:54:11.262><2018-03-07 21:54:11.263><2018-03-07 21:54:12.016><2018-03-07 21:54:12.016><2018-03-07 21:54:12.018><2018-03-07 21:54:12.019><2018-03-07 21:54:12.022><2018-03-07 21:54:12.023><2018-03-07 21:54:12.027><2018-03-07 21:54:12.029><2018-03-07 21:54:12.033><2018-03-07 21:54:12.033><2018-03-07 21:54:12.037><2018-03-07 21:54:12.038><2018-03-07 21:54:12.039><2018-03-07 21:54:12.040><2018-03-07 21:54:12.042><2018-03-07 21:54:12.047><2018-03-07 21:54:12.049><2018-03-07 21:54:12.050><2018-03-07 21:54:12.495><2018-03-07 21:54:13.603><2018-03-07 21:54:13.760><2018-03-07 21:54:13.761><2018-03-07 21:54:13.868><2018-03-07 21:54:15.493><2018-03-07 21:54:15.493><2018-03-07 21:54:15.550><2018-03-07 21:54:15.678><2018-03-07 21:54:15.965><2018-03-07 21:54:16.000><2018-03-07 21:54:16.036><2018-03-07 21:54:16.157><2018-03-07 21:54:16.158><2018-03-07 21:54:16.158><2018-03-07 21:54:16.158><2018-03-07 21:54:16.158><2018-03-07 21:54:16.158><2018-03-07 21:54:16.158><2018-03-07 21:54:16.158><2018-03-07 21:54:16.159><2018-03-07 21:54:16.159><2018-03-07 21:54:53.010><2018-03-07 21:55:39.798>2018-03-07 21:59:53.573  INFO 8904 --- [main] org.andot.core.test.DemoTest             : Starting DemoTest on DESKTOP-HF2KDSL with PID 8904 (started by Administrator in D:\GitHub\aup\acore)
2018-03-07 21:59:53.574  INFO 8904 --- [main] org.andot.core.test.DemoTest             : No active profile set, falling back to default profiles: default
2018-03-07 21:59:53.690  INFO 8904 --- [main] o.s.w.c.s.GenericWebApplicationContext   : Refreshing org.springframework.web.context.support.GenericWebApplicationContext@e350b40: startup date [Wed Mar 07 21:59:53 CST 2018]; root of context hierarchy
2018-03-07 22:00:04.088  INFO 11832 --- [main] org.andot.core.test.DemoTest             : Starting DemoTest on DESKTOP-HF2KDSL with PID 11832 (started by Administrator in D:\GitHub\aup\acore)
2018-03-07 22:00:04.091  INFO 11832 --- [main] org.andot.core.test.DemoTest             : No active profile set, falling back to default profiles: default
2018-03-07 22:00:04.251  INFO 11832 --- [main] o.s.w.c.s.GenericWebApplicationContext   : Refreshing org.springframework.web.context.support.GenericWebApplicationContext@55a147cc: startup date [Wed Mar 07 22:00:04 CST 2018]; root of context hierarchy
2018-03-07 22:00:08.841  INFO 11832 --- [main] trationDelegate$BeanPostProcessorChecker : Bean 'org.springframework.transaction.annotation.ProxyTransactionManagementConfiguration' of type [org.springframework.transaction.annotation.ProxyTransactionManagementConfiguration$$EnhancerBySpringCGLIB$$b94e1a72] is not eligible for getting processed by all BeanPostProcessors (for example: not eligible for auto-proxying)
2018-03-07 22:00:09.903  INFO 11832 --- [main] org.quartz.impl.StdSchedulerFactory      : Using default implementation for ThreadExecutor
2018-03-07 22:00:09.925  INFO 11832 --- [main] org.quartz.core.SchedulerSignalerImpl    : Initialized Scheduler Signaller of type: class org.quartz.core.SchedulerSignalerImpl
2018-03-07 22:00:09.926  INFO 11832 --- [main] org.quartz.core.QuartzScheduler          : Quartz Scheduler v.2.3.0 created.
2018-03-07 22:00:09.927  INFO 11832 --- [main] org.quartz.simpl.RAMJobStore             : RAMJobStore initialized.
2018-03-07 22:00:09.929  INFO 11832 --- [main] org.quartz.core.QuartzScheduler          : Scheduler meta-data: Quartz Scheduler (v2.3.0) 'scheduler' with instanceId 'NON_CLUSTERED'
  Scheduler class: 'org.quartz.core.QuartzScheduler' - running locally.
  NOT STARTED.
  Currently in standby mode.
  Number of jobs executed: 0
  Using thread pool 'org.quartz.simpl.SimpleThreadPool' - with 10 threads.
  Using job-store 'org.quartz.simpl.RAMJobStore' - which does not support persistence. and is not clustered.

2018-03-07 22:00:09.930  INFO 11832 --- [main] org.quartz.impl.StdSchedulerFactory      : Quartz scheduler 'scheduler' initialized from an externally provided properties instance.
2018-03-07 22:00:09.930  INFO 11832 --- [main] org.quartz.impl.StdSchedulerFactory      : Quartz scheduler version: 2.3.0
2018-03-07 22:00:09.932  INFO 11832 --- [main] org.quartz.core.QuartzScheduler          : JobFactory set to: org.springframework.scheduling.quartz.AdaptableJobFactory@63300c4b
2018-03-07 22:00:10.915  INFO 11832 --- [main] s.w.s.m.m.a.RequestMappingHandlerMapping : Mapped "{[/rest/aup/core/loginController/login]}" onto public java.lang.String org.andot.core.controller.LoginController.loginAis()
2018-03-07 22:00:10.931  INFO 11832 --- [main] s.w.s.m.m.a.RequestMappingHandlerMapping : Mapped "{[/rest/ais/aisFormulaConfController/setFormulaCode]}" onto public java.lang.String org.andot.ais.controller.AisFormulaConfController.setFormulaCode()
2018-03-07 22:00:10.931  INFO 11832 --- [main] s.w.s.m.m.a.RequestMappingHandlerMapping : Mapped "{[/rest/ais/aisFormulaConfController/setFormulaParam],methods=[POST]}" onto public java.lang.String org.andot.ais.controller.AisFormulaConfController.setFormulaParam()
2018-03-07 22:00:10.932  INFO 11832 --- [main] s.w.s.m.m.a.RequestMappingHandlerMapping : Mapped "{[/rest/aup/ais/loginController/asiLogin]}" onto public java.lang.String org.andot.ais.controller.AsiMainController.loginAis()
2018-03-07 22:00:10.935  INFO 11832 --- [main] s.w.s.m.m.a.RequestMappingHandlerMapping : Mapped "{[/test],methods=[GET]}" onto public java.lang.String org.andot.timing.controller.TestController.test()
2018-03-07 22:00:10.940  INFO 11832 --- [main] s.w.s.m.m.a.RequestMappingHandlerMapping : Mapped "{[/swagger-resources/configuration/ui]}" onto public org.springframework.http.ResponseEntity<springfox.documentation.swagger.web.UiConfiguration> springfox.documentation.swagger.web.ApiResourceController.uiConfiguration()
2018-03-07 22:00:10.941  INFO 11832 --- [main] s.w.s.m.m.a.RequestMappingHandlerMapping : Mapped "{[/swagger-resources]}" onto public org.springframework.http.ResponseEntity<java.util.List<springfox.documentation.swagger.web.SwaggerResource>> springfox.documentation.swagger.web.ApiResourceController.swaggerResources()
2018-03-07 22:00:10.942  INFO 11832 --- [main] s.w.s.m.m.a.RequestMappingHandlerMapping : Mapped "{[/swagger-resources/configuration/security]}" onto public org.springframework.http.ResponseEntity<springfox.documentation.swagger.web.SecurityConfiguration> springfox.documentation.swagger.web.ApiResourceController.securityConfiguration()
2018-03-07 22:00:10.947  INFO 11832 --- [main] s.w.s.m.m.a.RequestMappingHandlerMapping : Mapped "{[/error]}" onto public org.springframework.http.ResponseEntity<java.util.Map<java.lang.String, java.lang.Object>> org.springframework.boot.autoconfigure.web.BasicErrorController.error(javax.servlet.http.HttpServletRequest)
2018-03-07 22:00:10.947  INFO 11832 --- [main] s.w.s.m.m.a.RequestMappingHandlerMapping : Mapped "{[/error],produces=[text/html]}" onto public org.springframework.web.servlet.ModelAndView org.springframework.boot.autoconfigure.web.BasicErrorController.errorHtml(javax.servlet.http.HttpServletRequest,javax.servlet.http.HttpServletResponse)
2018-03-07 22:00:11.611  INFO 11832 --- [main] o.s.b.a.e.mvc.EndpointHandlerMapping     : Mapped "{[/info || /info.json],methods=[GET],produces=[application/vnd.spring-boot.actuator.v1+json || application/json]}" onto public java.lang.Object org.springframework.boot.actuate.endpoint.mvc.EndpointMvcAdapter.invoke()
2018-03-07 22:00:11.614  INFO 11832 --- [main] o.s.b.a.e.mvc.EndpointHandlerMapping     : Mapped "{[/dump || /dump.json],methods=[GET],produces=[application/vnd.spring-boot.actuator.v1+json || application/json]}" onto public java.lang.Object org.springframework.boot.actuate.endpoint.mvc.EndpointMvcAdapter.invoke()
2018-03-07 22:00:11.616  INFO 11832 --- [main] o.s.b.a.e.mvc.EndpointHandlerMapping     : Mapped "{[/autoconfig || /autoconfig.json],methods=[GET],produces=[application/vnd.spring-boot.actuator.v1+json || application/json]}" onto public java.lang.Object org.springframework.boot.actuate.endpoint.mvc.EndpointMvcAdapter.invoke()
2018-03-07 22:00:11.630  INFO 11832 --- [main] o.s.b.a.e.mvc.EndpointHandlerMapping     : Mapped "{[/heapdump || /heapdump.json],methods=[GET],produces=[application/octet-stream]}" onto public void org.springframework.boot.actuate.endpoint.mvc.HeapdumpMvcEndpoint.invoke(boolean,javax.servlet.http.HttpServletRequest,javax.servlet.http.HttpServletResponse) throws java.io.IOException,javax.servlet.ServletException
2018-03-07 22:00:11.633  INFO 11832 --- [main] o.s.b.a.e.mvc.EndpointHandlerMapping     : Mapped "{[/loggers/{name:.*}],methods=[GET],produces=[application/vnd.spring-boot.actuator.v1+json || application/json]}" onto public java.lang.Object org.springframework.boot.actuate.endpoint.mvc.LoggersMvcEndpoint.get(java.lang.String)
2018-03-07 22:00:11.634  INFO 11832 --- [main] o.s.b.a.e.mvc.EndpointHandlerMapping     : Mapped "{[/loggers/{name:.*}],methods=[POST],consumes=[application/vnd.spring-boot.actuator.v1+json || application/json],produces=[application/vnd.spring-boot.actuator.v1+json || application/json]}" onto public java.lang.Object org.springframework.boot.actuate.endpoint.mvc.LoggersMvcEndpoint.set(java.lang.String,java.util.Map<java.lang.String, java.lang.String>)
2018-03-07 22:00:11.634  INFO 11832 --- [main] o.s.b.a.e.mvc.EndpointHandlerMapping     : Mapped "{[/loggers || /loggers.json],methods=[GET],produces=[application/vnd.spring-boot.actuator.v1+json || application/json]}" onto public java.lang.Object org.springframework.boot.actuate.endpoint.mvc.EndpointMvcAdapter.invoke()
2018-03-07 22:00:11.637  INFO 11832 --- [main] o.s.b.a.e.mvc.EndpointHandlerMapping     : Mapped "{[/mappings || /mappings.json],methods=[GET],produces=[application/vnd.spring-boot.actuator.v1+json || application/json]}" onto public java.lang.Object org.springframework.boot.actuate.endpoint.mvc.EndpointMvcAdapter.invoke()
2018-03-07 22:00:11.638  INFO 11832 --- [main] o.s.b.a.e.mvc.EndpointHandlerMapping     : Mapped "{[/env/{name:.*}],methods=[GET],produces=[application/vnd.spring-boot.actuator.v1+json || application/json]}" onto public java.lang.Object org.springframework.boot.actuate.endpoint.mvc.EnvironmentMvcEndpoint.value(java.lang.String)
2018-03-07 22:00:11.638  INFO 11832 --- [main] o.s.b.a.e.mvc.EndpointHandlerMapping     : Mapped "{[/env || /env.json],methods=[GET],produces=[application/vnd.spring-boot.actuator.v1+json || application/json]}" onto public java.lang.Object org.springframework.boot.actuate.endpoint.mvc.EndpointMvcAdapter.invoke()
2018-03-07 22:00:11.641  INFO 11832 --- [main] o.s.b.a.e.mvc.EndpointHandlerMapping     : Mapped "{[/metrics/{name:.*}],methods=[GET],produces=[application/vnd.spring-boot.actuator.v1+json || application/json]}" onto public java.lang.Object org.springframework.boot.actuate.endpoint.mvc.MetricsMvcEndpoint.value(java.lang.String)
2018-03-07 22:00:11.641  INFO 11832 --- [main] o.s.b.a.e.mvc.EndpointHandlerMapping     : Mapped "{[/metrics || /metrics.json],methods=[GET],produces=[application/vnd.spring-boot.actuator.v1+json || application/json]}" onto public java.lang.Object org.springframework.boot.actuate.endpoint.mvc.EndpointMvcAdapter.invoke()
2018-03-07 22:00:11.642  INFO 11832 --- [main] o.s.b.a.e.mvc.EndpointHandlerMapping     : Mapped "{[/health || /health.json],methods=[GET],produces=[application/vnd.spring-boot.actuator.v1+json || application/json]}" onto public java.lang.Object org.springframework.boot.actuate.endpoint.mvc.HealthMvcEndpoint.invoke(javax.servlet.http.HttpServletRequest,java.security.Principal)
2018-03-07 22:00:11.644  INFO 11832 --- [main] o.s.b.a.e.mvc.EndpointHandlerMapping     : Mapped "{[/logfile || /logfile.json],methods=[GET || HEAD]}" onto public void org.springframework.boot.actuate.endpoint.mvc.LogFileMvcEndpoint.invoke(javax.servlet.http.HttpServletRequest,javax.servlet.http.HttpServletResponse) throws javax.servlet.ServletException,java.io.IOException
2018-03-07 22:00:11.646  INFO 11832 --- [main] o.s.b.a.e.mvc.EndpointHandlerMapping     : Mapped "{[/beans || /beans.json],methods=[GET],produces=[application/vnd.spring-boot.actuator.v1+json || application/json]}" onto public java.lang.Object org.springframework.boot.actuate.endpoint.mvc.EndpointMvcAdapter.invoke()
2018-03-07 22:00:11.647  INFO 11832 --- [main] o.s.b.a.e.mvc.EndpointHandlerMapping     : Mapped "{[/auditevents || /auditevents.json],methods=[GET],produces=[application/vnd.spring-boot.actuator.v1+json || application/json]}" onto public org.springframework.http.ResponseEntity<?> org.springframework.boot.actuate.endpoint.mvc.AuditEventsMvcEndpoint.findByPrincipalAndAfterAndType(java.lang.String,java.util.Date,java.lang.String)
2018-03-07 22:00:11.648  INFO 11832 --- [main] o.s.b.a.e.mvc.EndpointHandlerMapping     : Mapped "{[/trace || /trace.json],methods=[GET],produces=[application/vnd.spring-boot.actuator.v1+json || application/json]}" onto public java.lang.Object org.springframework.boot.actuate.endpoint.mvc.EndpointMvcAdapter.invoke()
2018-03-07 22:00:11.649  INFO 11832 --- [main] o.s.b.a.e.mvc.EndpointHandlerMapping     : Mapped "{[/configprops || /configprops.json],methods=[GET],produces=[application/vnd.spring-boot.actuator.v1+json || application/json]}" onto public java.lang.Object org.springframework.boot.actuate.endpoint.mvc.EndpointMvcAdapter.invoke()
2018-03-07 22:00:12.082  INFO 11832 --- [main] pertySourcedRequestMappingHandlerMapping : Mapped URL path [/v2/api-docs] onto method [public org.springframework.http.ResponseEntity<springfox.documentation.spring.web.json.Json> springfox.documentation.swagger2.web.Swagger2Controller.getDocumentation(java.lang.String,javax.servlet.http.HttpServletRequest)]
2018-03-07 22:00:12.838  INFO 11832 --- [main] s.w.s.m.m.a.RequestMappingHandlerAdapter : Looking for @ControllerAdvice: org.springframework.web.context.support.GenericWebApplicationContext@55a147cc: startup date [Wed Mar 07 22:00:04 CST 2018]; root of context hierarchy
2018-03-07 22:00:13.252  INFO 11832 --- [main] o.s.w.s.handler.SimpleUrlHandlerMapping  : Mapped URL path [/webjars/**] onto handler of type [class org.springframework.web.servlet.resource.ResourceHttpRequestHandler]
2018-03-07 22:00:13.252  INFO 11832 --- [main] o.s.w.s.handler.SimpleUrlHandlerMapping  : Mapped URL path [/**] onto handler of type [class org.springframework.web.servlet.resource.ResourceHttpRequestHandler]
2018-03-07 22:00:13.336  INFO 11832 --- [main] o.s.w.s.handler.SimpleUrlHandlerMapping  : Mapped URL path [/**/favicon.ico] onto handler of type [class org.springframework.web.servlet.resource.ResourceHttpRequestHandler]
2018-03-07 22:00:14.501  INFO 11832 --- [main] o.s.c.support.DefaultLifecycleProcessor  : Starting beans in phase 2147483647
2018-03-07 22:00:14.503  INFO 11832 --- [main] d.s.w.p.DocumentationPluginsBootstrapper : Context refreshed
2018-03-07 22:00:14.555  INFO 11832 --- [main] d.s.w.p.DocumentationPluginsBootstrapper : Found 1 custom documentation plugin(s)
2018-03-07 22:00:14.647  INFO 11832 --- [main] s.d.s.w.s.ApiListingReferenceScanner     : Scanning for api listing references
2018-03-07 22:00:14.880  INFO 11832 --- [main] o.s.s.quartz.SchedulerFactoryBean        : Will start Quartz Scheduler [scheduler] in 1 seconds
2018-03-07 22:00:14.903  INFO 11832 --- [main] s.a.ScheduledAnnotationBeanPostProcessor : No TaskScheduler/ScheduledExecutorService bean found for scheduled processing
2018-03-07 22:00:14.930  INFO 11832 --- [main] org.andot.core.test.DemoTest             : Started DemoTest in 12.085 seconds (JVM running for 13.801)
2018-03-07 22:00:15.028 ERROR 11832 --- [main] org.andot.core.test.DemoTest             : 日志测试===========0
2018-03-07 22:00:15.029 ERROR 11832 --- [main] org.andot.core.test.DemoTest             : 日志测试===========1
2018-03-07 22:00:15.029 ERROR 11832 --- [main] org.andot.core.test.DemoTest             : 日志测试===========2
2018-03-07 22:00:15.029 ERROR 11832 --- [main] org.andot.core.test.DemoTest             : 日志测试===========3
2018-03-07 22:00:15.029 ERROR 11832 --- [main] org.andot.core.test.DemoTest             : 日志测试===========4
2018-03-07 22:00:15.029 ERROR 11832 --- [main] org.andot.core.test.DemoTest             : 日志测试===========5
2018-03-07 22:00:15.029 ERROR 11832 --- [main] org.andot.core.test.DemoTest             : 日志测试===========6
2018-03-07 22:00:15.029 ERROR 11832 --- [main] org.andot.core.test.DemoTest             : 日志测试===========7
2018-03-07 22:00:15.029 ERROR 11832 --- [main] org.andot.core.test.DemoTest             : 日志测试===========8
2018-03-07 22:00:15.030 ERROR 11832 --- [main] org.andot.core.test.DemoTest             : 日志测试===========9
2018-03-07 22:00:15.884  INFO 11832 --- [Quartz Scheduler [scheduler]] o.s.s.quartz.SchedulerFactoryBean        : Starting Quartz Scheduler now, after delay of 1 seconds
2018-03-07 22:00:15.896  INFO 11832 --- [Quartz Scheduler [scheduler]] org.quartz.core.QuartzScheduler          : Scheduler scheduler_$_NON_CLUSTERED started.
2018-03-07 22:00:16.276  INFO 11832 --- [Thread-5] o.s.w.c.s.GenericWebApplicationContext   : Closing org.springframework.web.context.support.GenericWebApplicationContext@55a147cc: startup date [Wed Mar 07 22:00:04 CST 2018]; root of context hierarchy
2018-03-07 22:00:16.280  INFO 11832 --- [Thread-5] o.s.c.support.DefaultLifecycleProcessor  : Stopping beans in phase 2147483647
2018-03-07 22:00:16.281  INFO 11832 --- [Thread-5] org.quartz.core.QuartzScheduler          : Scheduler scheduler_$_NON_CLUSTERED paused.
2018-03-07 22:00:16.286  INFO 11832 --- [Thread-5] o.s.s.quartz.SchedulerFactoryBean        : Shutting down Quartz Scheduler
2018-03-07 22:00:16.286  INFO 11832 --- [Thread-5] org.quartz.core.QuartzScheduler          : Scheduler scheduler_$_NON_CLUSTERED shutting down.
2018-03-07 22:00:16.286  INFO 11832 --- [Thread-5] org.quartz.core.QuartzScheduler          : Scheduler scheduler_$_NON_CLUSTERED paused.
2018-03-07 22:00:16.287  INFO 11832 --- [Thread-5] org.quartz.core.QuartzScheduler          : Scheduler scheduler_$_NON_CLUSTERED shutdown complete.
2018-03-08 09:25:37.025  INFO 18456 --- [main] org.andot.core.test.DemoTest             : Starting DemoTest on DESKTOP-HF2KDSL with PID 18456 (started by Administrator in D:\GitHub\aup\acore)
2018-03-08 09:25:37.034  INFO 18456 --- [main] org.andot.core.test.DemoTest             : No active profile set, falling back to default profiles: default
2018-03-08 09:25:37.204  INFO 18456 --- [main] o.s.w.c.s.GenericWebApplicationContext   : Refreshing org.springframework.web.context.support.GenericWebApplicationContext@31aa3ca5: startup date [Thu Mar 08 09:25:37 CST 2018]; root of context hierarchy
2018-03-08 09:25:42.108  INFO 18456 --- [main] trationDelegate$BeanPostProcessorChecker : Bean 'org.springframework.transaction.annotation.ProxyTransactionManagementConfiguration' of type [org.springframework.transaction.annotation.ProxyTransactionManagementConfiguration$$EnhancerBySpringCGLIB$$10d30acd] is not eligible for getting processed by all BeanPostProcessors (for example: not eligible for auto-proxying)
2018-03-08 09:25:43.448  INFO 18456 --- [main] org.quartz.impl.StdSchedulerFactory      : Using default implementation for ThreadExecutor
2018-03-08 09:25:43.493  INFO 18456 --- [main] org.quartz.core.SchedulerSignalerImpl    : Initialized Scheduler Signaller of type: class org.quartz.core.SchedulerSignalerImpl
2018-03-08 09:25:43.494  INFO 18456 --- [main] org.quartz.core.QuartzScheduler          : Quartz Scheduler v.2.3.0 created.
2018-03-08 09:25:43.496  INFO 18456 --- [main] org.quartz.simpl.RAMJobStore             : RAMJobStore initialized.
2018-03-08 09:25:43.498  INFO 18456 --- [main] org.quartz.core.QuartzScheduler          : Scheduler meta-data: Quartz Scheduler (v2.3.0) 'scheduler' with instanceId 'NON_CLUSTERED'
  Scheduler class: 'org.quartz.core.QuartzScheduler' - running locally.
  NOT STARTED.
  Currently in standby mode.
  Number of jobs executed: 0
  Using thread pool 'org.quartz.simpl.SimpleThreadPool' - with 10 threads.
  Using job-store 'org.quartz.simpl.RAMJobStore' - which does not support persistence. and is not clustered.

2018-03-08 09:25:43.498  INFO 18456 --- [main] org.quartz.impl.StdSchedulerFactory      : Quartz scheduler 'scheduler' initialized from an externally provided properties instance.
2018-03-08 09:25:43.498  INFO 18456 --- [main] org.quartz.impl.StdSchedulerFactory      : Quartz scheduler version: 2.3.0
2018-03-08 09:25:43.501  INFO 18456 --- [main] org.quartz.core.QuartzScheduler          : JobFactory set to: org.springframework.scheduling.quartz.AdaptableJobFactory@5aea8994
2018-03-08 09:25:44.868  INFO 18456 --- [main] s.w.s.m.m.a.RequestMappingHandlerMapping : Mapped "{[/rest/aup/core/loginController/login]}" onto public java.lang.String org.andot.core.controller.LoginController.loginAis() throws java.lang.Exception
2018-03-08 09:25:44.882  INFO 18456 --- [main] s.w.s.m.m.a.RequestMappingHandlerMapping : Mapped "{[/rest/ais/aisFormulaConfController/setFormulaCode]}" onto public java.lang.String org.andot.ais.controller.AisFormulaConfController.setFormulaCode()
2018-03-08 09:25:44.883  INFO 18456 --- [main] s.w.s.m.m.a.RequestMappingHandlerMapping : Mapped "{[/rest/ais/aisFormulaConfController/setFormulaParam],methods=[POST]}" onto public java.lang.String org.andot.ais.controller.AisFormulaConfController.setFormulaParam()
2018-03-08 09:25:44.884  INFO 18456 --- [main] s.w.s.m.m.a.RequestMappingHandlerMapping : Mapped "{[/rest/aup/ais/loginController/asiLogin]}" onto public java.lang.String org.andot.ais.controller.AsiMainController.loginAis()
2018-03-08 09:25:44.891  INFO 18456 --- [main] s.w.s.m.m.a.RequestMappingHandlerMapping : Mapped "{[/test],methods=[GET]}" onto public java.lang.String org.andot.timing.controller.TestController.test()
2018-03-08 09:25:44.895  INFO 18456 --- [main] s.w.s.m.m.a.RequestMappingHandlerMapping : Mapped "{[/swagger-resources/configuration/ui]}" onto public org.springframework.http.ResponseEntity<springfox.documentation.swagger.web.UiConfiguration> springfox.documentation.swagger.web.ApiResourceController.uiConfiguration()
2018-03-08 09:25:44.897  INFO 18456 --- [main] s.w.s.m.m.a.RequestMappingHandlerMapping : Mapped "{[/swagger-resources]}" onto public org.springframework.http.ResponseEntity<java.util.List<springfox.documentation.swagger.web.SwaggerResource>> springfox.documentation.swagger.web.ApiResourceController.swaggerResources()
2018-03-08 09:25:44.898  INFO 18456 --- [main] s.w.s.m.m.a.RequestMappingHandlerMapping : Mapped "{[/swagger-resources/configuration/security]}" onto public org.springframework.http.ResponseEntity<springfox.documentation.swagger.web.SecurityConfiguration> springfox.documentation.swagger.web.ApiResourceController.securityConfiguration()
2018-03-08 09:25:44.912  INFO 18456 --- [main] s.w.s.m.m.a.RequestMappingHandlerMapping : Mapped "{[/error]}" onto public org.springframework.http.ResponseEntity<java.util.Map<java.lang.String, java.lang.Object>> org.springframework.boot.autoconfigure.web.BasicErrorController.error(javax.servlet.http.HttpServletRequest)
2018-03-08 09:25:44.913  INFO 18456 --- [main] s.w.s.m.m.a.RequestMappingHandlerMapping : Mapped "{[/error],produces=[text/html]}" onto public org.springframework.web.servlet.ModelAndView org.springframework.boot.autoconfigure.web.BasicErrorController.errorHtml(javax.servlet.http.HttpServletRequest,javax.servlet.http.HttpServletResponse)
2018-03-08 09:25:45.778  INFO 18456 --- [main] o.s.b.a.e.mvc.EndpointHandlerMapping     : Mapped "{[/env/{name:.*}],methods=[GET],produces=[application/vnd.spring-boot.actuator.v1+json || application/json]}" onto public java.lang.Object org.springframework.boot.actuate.endpoint.mvc.EnvironmentMvcEndpoint.value(java.lang.String)
2018-03-08 09:25:45.778  INFO 18456 --- [main] o.s.b.a.e.mvc.EndpointHandlerMapping     : Mapped "{[/env || /env.json],methods=[GET],produces=[application/vnd.spring-boot.actuator.v1+json || application/json]}" onto public java.lang.Object org.springframework.boot.actuate.endpoint.mvc.EndpointMvcAdapter.invoke()
2018-03-08 09:25:45.781  INFO 18456 --- [main] o.s.b.a.e.mvc.EndpointHandlerMapping     : Mapped "{[/metrics/{name:.*}],methods=[GET],produces=[application/vnd.spring-boot.actuator.v1+json || application/json]}" onto public java.lang.Object org.springframework.boot.actuate.endpoint.mvc.MetricsMvcEndpoint.value(java.lang.String)
2018-03-08 09:25:45.782  INFO 18456 --- [main] o.s.b.a.e.mvc.EndpointHandlerMapping     : Mapped "{[/metrics || /metrics.json],methods=[GET],produces=[application/vnd.spring-boot.actuator.v1+json || application/json]}" onto public java.lang.Object org.springframework.boot.actuate.endpoint.mvc.EndpointMvcAdapter.invoke()
2018-03-08 09:25:45.787  INFO 18456 --- [main] o.s.b.a.e.mvc.EndpointHandlerMapping     : Mapped "{[/logfile || /logfile.json],methods=[GET || HEAD]}" onto public void org.springframework.boot.actuate.endpoint.mvc.LogFileMvcEndpoint.invoke(javax.servlet.http.HttpServletRequest,javax.servlet.http.HttpServletResponse) throws javax.servlet.ServletException,java.io.IOException
2018-03-08 09:25:45.788  INFO 18456 --- [main] o.s.b.a.e.mvc.EndpointHandlerMapping     : Mapped "{[/trace || /trace.json],methods=[GET],produces=[application/vnd.spring-boot.actuator.v1+json || application/json]}" onto public java.lang.Object org.springframework.boot.actuate.endpoint.mvc.EndpointMvcAdapter.invoke()
2018-03-08 09:25:45.790  INFO 18456 --- [main] o.s.b.a.e.mvc.EndpointHandlerMapping     : Mapped "{[/autoconfig || /autoconfig.json],methods=[GET],produces=[application/vnd.spring-boot.actuator.v1+json || application/json]}" onto public java.lang.Object org.springframework.boot.actuate.endpoint.mvc.EndpointMvcAdapter.invoke()
2018-03-08 09:25:45.796  INFO 18456 --- [main] o.s.b.a.e.mvc.EndpointHandlerMapping     : Mapped "{[/auditevents || /auditevents.json],methods=[GET],produces=[application/vnd.spring-boot.actuator.v1+json || application/json]}" onto public org.springframework.http.ResponseEntity<?> org.springframework.boot.actuate.endpoint.mvc.AuditEventsMvcEndpoint.findByPrincipalAndAfterAndType(java.lang.String,java.util.Date,java.lang.String)
2018-03-08 09:25:45.797  INFO 18456 --- [main] o.s.b.a.e.mvc.EndpointHandlerMapping     : Mapped "{[/info || /info.json],methods=[GET],produces=[application/vnd.spring-boot.actuator.v1+json || application/json]}" onto public java.lang.Object org.springframework.boot.actuate.endpoint.mvc.EndpointMvcAdapter.invoke()
2018-03-08 09:25:45.802  INFO 18456 --- [main] o.s.b.a.e.mvc.EndpointHandlerMapping     : Mapped "{[/heapdump || /heapdump.json],methods=[GET],produces=[application/octet-stream]}" onto public void org.springframework.boot.actuate.endpoint.mvc.HeapdumpMvcEndpoint.invoke(boolean,javax.servlet.http.HttpServletRequest,javax.servlet.http.HttpServletResponse) throws java.io.IOException,javax.servlet.ServletException
2018-03-08 09:25:45.803  INFO 18456 --- [main] o.s.b.a.e.mvc.EndpointHandlerMapping     : Mapped "{[/configprops || /configprops.json],methods=[GET],produces=[application/vnd.spring-boot.actuator.v1+json || application/json]}" onto public java.lang.Object org.springframework.boot.actuate.endpoint.mvc.EndpointMvcAdapter.invoke()
2018-03-08 09:25:45.805  INFO 18456 --- [main] o.s.b.a.e.mvc.EndpointHandlerMapping     : Mapped "{[/beans || /beans.json],methods=[GET],produces=[application/vnd.spring-boot.actuator.v1+json || application/json]}" onto public java.lang.Object org.springframework.boot.actuate.endpoint.mvc.EndpointMvcAdapter.invoke()
2018-03-08 09:25:45.807  INFO 18456 --- [main] o.s.b.a.e.mvc.EndpointHandlerMapping     : Mapped "{[/health || /health.json],methods=[GET],produces=[application/vnd.spring-boot.actuator.v1+json || application/json]}" onto public java.lang.Object org.springframework.boot.actuate.endpoint.mvc.HealthMvcEndpoint.invoke(javax.servlet.http.HttpServletRequest,java.security.Principal)
2018-03-08 09:25:45.808  INFO 18456 --- [main] o.s.b.a.e.mvc.EndpointHandlerMapping     : Mapped "{[/dump || /dump.json],methods=[GET],produces=[application/vnd.spring-boot.actuator.v1+json || application/json]}" onto public java.lang.Object org.springframework.boot.actuate.endpoint.mvc.EndpointMvcAdapter.invoke()
2018-03-08 09:25:45.812  INFO 18456 --- [main] o.s.b.a.e.mvc.EndpointHandlerMapping     : Mapped "{[/loggers/{name:.*}],methods=[GET],produces=[application/vnd.spring-boot.actuator.v1+json || application/json]}" onto public java.lang.Object org.springframework.boot.actuate.endpoint.mvc.LoggersMvcEndpoint.get(java.lang.String)
2018-03-08 09:25:45.813  INFO 18456 --- [main] o.s.b.a.e.mvc.EndpointHandlerMapping     : Mapped "{[/loggers/{name:.*}],methods=[POST],consumes=[application/vnd.spring-boot.actuator.v1+json || application/json],produces=[application/vnd.spring-boot.actuator.v1+json || application/json]}" onto public java.lang.Object org.springframework.boot.actuate.endpoint.mvc.LoggersMvcEndpoint.set(java.lang.String,java.util.Map<java.lang.String, java.lang.String>)
2018-03-08 09:25:45.816  INFO 18456 --- [main] o.s.b.a.e.mvc.EndpointHandlerMapping     : Mapped "{[/loggers || /loggers.json],methods=[GET],produces=[application/vnd.spring-boot.actuator.v1+json || application/json]}" onto public java.lang.Object org.springframework.boot.actuate.endpoint.mvc.EndpointMvcAdapter.invoke()
2018-03-08 09:25:45.817  INFO 18456 --- [main] o.s.b.a.e.mvc.EndpointHandlerMapping     : Mapped "{[/mappings || /mappings.json],methods=[GET],produces=[application/vnd.spring-boot.actuator.v1+json || application/json]}" onto public java.lang.Object org.springframework.boot.actuate.endpoint.mvc.EndpointMvcAdapter.invoke()
2018-03-08 09:25:46.371  INFO 18456 --- [main] pertySourcedRequestMappingHandlerMapping : Mapped URL path [/v2/api-docs] onto method [public org.springframework.http.ResponseEntity<springfox.documentation.spring.web.json.Json> springfox.documentation.swagger2.web.Swagger2Controller.getDocumentation(java.lang.String,javax.servlet.http.HttpServletRequest)]
2018-03-08 09:25:47.697  INFO 18456 --- [main] s.w.s.m.m.a.RequestMappingHandlerAdapter : Looking for @ControllerAdvice: org.springframework.web.context.support.GenericWebApplicationContext@31aa3ca5: startup date [Thu Mar 08 09:25:37 CST 2018]; root of context hierarchy
2018-03-08 09:25:47.883  INFO 18456 --- [main] o.s.w.s.handler.SimpleUrlHandlerMapping  : Mapped URL path [/webjars/**] onto handler of type [class org.springframework.web.servlet.resource.ResourceHttpRequestHandler]
2018-03-08 09:25:47.883  INFO 18456 --- [main] o.s.w.s.handler.SimpleUrlHandlerMapping  : Mapped URL path [/**] onto handler of type [class org.springframework.web.servlet.resource.ResourceHttpRequestHandler]
2018-03-08 09:25:48.025  INFO 18456 --- [main] o.s.w.s.handler.SimpleUrlHandlerMapping  : Mapped URL path [/**/favicon.ico] onto handler of type [class org.springframework.web.servlet.resource.ResourceHttpRequestHandler]
2018-03-08 09:25:49.971  INFO 18456 --- [main] o.s.c.support.DefaultLifecycleProcessor  : Starting beans in phase 2147483647
2018-03-08 09:25:49.971  INFO 18456 --- [main] d.s.w.p.DocumentationPluginsBootstrapper : Context refreshed
2018-03-08 09:25:50.061  INFO 18456 --- [main] d.s.w.p.DocumentationPluginsBootstrapper : Found 1 custom documentation plugin(s)
2018-03-08 09:25:50.243  INFO 18456 --- [main] s.d.s.w.s.ApiListingReferenceScanner     : Scanning for api listing references
2018-03-08 09:25:50.670  INFO 18456 --- [main] o.s.s.quartz.SchedulerFactoryBean        : Will start Quartz Scheduler [scheduler] in 1 seconds
2018-03-08 09:25:50.692  INFO 18456 --- [main] s.a.ScheduledAnnotationBeanPostProcessor : No TaskScheduler/ScheduledExecutorService bean found for scheduled processing
2018-03-08 09:25:50.748  INFO 18456 --- [main] org.andot.core.test.DemoTest             : Started DemoTest in 15.768 seconds (JVM running for 17.985)
2018-03-08 09:25:50.921 ERROR 18456 --- [main] org.andot.core.test.DemoTest             : 日志测试===========0
2018-03-08 09:25:50.921 ERROR 18456 --- [main] org.andot.core.test.DemoTest             : 日志测试===========1
2018-03-08 09:25:50.923 ERROR 18456 --- [main] org.andot.core.test.DemoTest             : 日志测试===========2
2018-03-08 09:25:50.923 ERROR 18456 --- [main] org.andot.core.test.DemoTest             : 日志测试===========3
2018-03-08 09:25:50.923 ERROR 18456 --- [main] org.andot.core.test.DemoTest             : 日志测试===========4
2018-03-08 09:25:50.924 ERROR 18456 --- [main] org.andot.core.test.DemoTest             : 日志测试===========5
2018-03-08 09:25:50.924 ERROR 18456 --- [main] org.andot.core.test.DemoTest             : 日志测试===========6
2018-03-08 09:25:50.924 ERROR 18456 --- [main] org.andot.core.test.DemoTest             : 日志测试===========7
2018-03-08 09:25:50.924 ERROR 18456 --- [main] org.andot.core.test.DemoTest             : 日志测试===========8
2018-03-08 09:25:50.924 ERROR 18456 --- [main] org.andot.core.test.DemoTest             : 日志测试===========9
2018-03-08 09:26:10.500  INFO 18456 --- [Quartz Scheduler [scheduler]] o.s.s.quartz.SchedulerFactoryBean        : Starting Quartz Scheduler now, after delay of 1 seconds
2018-03-08 09:26:10.502  INFO 18456 --- [Quartz Scheduler [scheduler]] org.quartz.core.QuartzScheduler          : Scheduler scheduler_$_NON_CLUSTERED started.
2018-03-08 09:26:22.271  INFO 18456 --- [Thread-5] o.s.w.c.s.GenericWebApplicationContext   : Closing org.springframework.web.context.support.GenericWebApplicationContext@31aa3ca5: startup date [Thu Mar 08 09:25:37 CST 2018]; root of context hierarchy
2018-03-08 09:26:22.274  INFO 18456 --- [Thread-5] o.s.c.support.DefaultLifecycleProcessor  : Stopping beans in phase 2147483647
2018-03-08 09:26:22.276  INFO 18456 --- [Thread-5] org.quartz.core.QuartzScheduler          : Scheduler scheduler_$_NON_CLUSTERED paused.
2018-03-08 09:26:22.285  INFO 18456 --- [Thread-5] o.s.s.quartz.SchedulerFactoryBean        : Shutting down Quartz Scheduler
2018-03-08 09:26:22.285  INFO 18456 --- [Thread-5] org.quartz.core.QuartzScheduler          : Scheduler scheduler_$_NON_CLUSTERED shutting down.
2018-03-08 09:26:22.285  INFO 18456 --- [Thread-5] org.quartz.core.QuartzScheduler          : Scheduler scheduler_$_NON_CLUSTERED paused.
2018-03-08 09:26:22.286  INFO 18456 --- [Thread-5] org.quartz.core.QuartzScheduler          : Scheduler scheduler_$_NON_CLUSTERED shutdown complete.
